[36mvite v5.4.21 [32mbuilding for production...[36m[39m
transforming...
[32mΓ£ô[39m 974 modules transformed.
node.exe : [31mx[39m Build failed in 3.00s
At line:1 char:1
+ & "C:\Program Files\nodejs/node.exe" "C:\Program Files\nodejs/node_mo ...
+ ~~~~~~~~~~~~~~~~~~~~~~~~~~~~~~~~~~~~~~~~~~~~~~~~~~~~~~~~~~~~~~~~~~~~~
    + CategoryInfo          : NotSpecified: ([31mx[39m Build failed in 3.00s:String) [], RemoteException
    + FullyQualifiedErrorId : NativeCommandError
 
[31merror during build:
[31msrc/components/call/IncomingCallModal.jsx (4:18): "HiPhoneX" is not exported by 
"node_modules/react-icons/hi2/index.esm.js", imported by "src/components/call/IncomingCallModal.jsx".[31m
file: 
[36mC:/Users/chair/OneDrive/Desktop/voicecall/voicecall/frontend/src/components/call/IncomingCallModal.jsx:4:18[31m
[33m
2: import Avatar from '../common/Avatar';
3: import { getDisplayName } from '../../utils/helpers';
4: import { HiPhone, HiPhoneX } from 'react-icons/hi2';
                     ^
5: 
6: const IncomingCallModal = ({ call, onAccept, onReject }) => {
[31m
    at getRollupError (file:///C:/Users/chair/OneDrive/Desktop/voicecall/voicecall/frontend/node_modules/rollup/dist/es
/shared/parseAst.js:317:41)
    at error (file:///C:/Users/chair/OneDrive/Desktop/voicecall/voicecall/frontend/node_modules/rollup/dist/es/shared/p
arseAst.js:313:42)
    at Module.error (file:///C:/Users/chair/OneDrive/Desktop/voicecall/voicecall/frontend/node_modules/rollup/dist/es/s
hared/node-entry.js:17396:16)
    at Module.traceVariable (file:///C:/Users/chair/OneDrive/Desktop/voicecall/voicecall/frontend/node_modules/rollup/d
ist/es/shared/node-entry.js:17829:29)
    at ModuleScope.findVariable (file:///C:/Users/chair/OneDrive/Desktop/voicecall/voicecall/frontend/node_modules/roll
up/dist/es/shared/node-entry.js:15419:39)
    at ReturnValueScope.findVariable (file:///C:/Users/chair/OneDrive/Desktop/voicecall/voicecall/frontend/node_modules
/rollup/dist/es/shared/node-entry.js:5684:38)
    at FunctionBodyScope.findVariable (file:///C:/Users/chair/OneDrive/Desktop/voicecall/voicecall/frontend/node_module
s/rollup/dist/es/shared/node-entry.js:5684:38)
    at Identifier.bind (file:///C:/Users/chair/OneDrive/Desktop/voicecall/voicecall/frontend/node_modules/rollup/dist/e
s/shared/node-entry.js:5451:40)
    at CallExpression.bind (file:///C:/Users/chair/OneDrive/Desktop/voicecall/voicecall/frontend/node_modules/rollup/di
st/es/shared/node-entry.js:2829:28)
    at CallExpression.bind (file:///C:/Users/chair/OneDrive/Desktop/voicecall/voicecall/frontend/node_modules/rollup/di
st/es/shared/node-entry.js:12528:15)[39m
