[36mvite v5.4.21 [32mbuilding for production...[36m[39m
transforming...
[32mΓ£ô[39m 974 modules transformed.
node.exe : [31mx[39m Build failed in 2.36s
At line:1 char:1
+ & "C:\Program Files\nodejs/node.exe" "C:\Program Files\nodejs/node_mo ...
+ ~~~~~~~~~~~~~~~~~~~~~~~~~~~~~~~~~~~~~~~~~~~~~~~~~~~~~~~~~~~~~~~~~~~~~
    + CategoryInfo          : NotSpecified: ([31mx[39m Build failed in 2.36s:String) [], RemoteException
    + FullyQualifiedErrorId : NativeCommandError
 
[31merror during build:
[31msrc/pages/SettingsPage.jsx (7:45): "HiSpeakerphone" is not exported by 
"node_modules/react-icons/hi2/index.esm.js", imported by "src/pages/SettingsPage.jsx".[31m
file: [36mC:/Users/chair/OneDrive/Desktop/voicecall/voicecall/frontend/src/pages/SettingsPage.jsx:7:45[31m
[33m
5: import { authAPI } from '../services/api';
6: import toast from 'react-hot-toast';
7: import { HiArrowLeft, HiSun, HiMoon, HiBell, HiSpeakerphone, HiEye, HiLockClosed, HiTrash } from 'react-icons/hi2';
                                                ^
8: 
9: const SettingsPage = () => {
[31m
    at getRollupError (file:///C:/Users/chair/OneDrive/Desktop/voicecall/voicecall/frontend/node_modules/rollup/dist/es
/shared/parseAst.js:317:41)
    at error (file:///C:/Users/chair/OneDrive/Desktop/voicecall/voicecall/frontend/node_modules/rollup/dist/es/shared/p
arseAst.js:313:42)
    at Module.error (file:///C:/Users/chair/OneDrive/Desktop/voicecall/voicecall/frontend/node_modules/rollup/dist/es/s
hared/node-entry.js:17396:16)
    at Module.traceVariable (file:///C:/Users/chair/OneDrive/Desktop/voicecall/voicecall/frontend/node_modules/rollup/d
ist/es/shared/node-entry.js:17829:29)
    at ModuleScope.findVariable (file:///C:/Users/chair/OneDrive/Desktop/voicecall/voicecall/frontend/node_modules/roll
up/dist/es/shared/node-entry.js:15419:39)
    at ReturnValueScope.findVariable (file:///C:/Users/chair/OneDrive/Desktop/voicecall/voicecall/frontend/node_modules
/rollup/dist/es/shared/node-entry.js:5684:38)
    at FunctionBodyScope.findVariable (file:///C:/Users/chair/OneDrive/Desktop/voicecall/voicecall/frontend/node_module
s/rollup/dist/es/shared/node-entry.js:5684:38)
    at Identifier.bind (file:///C:/Users/chair/OneDrive/Desktop/voicecall/voicecall/frontend/node_modules/rollup/dist/e
s/shared/node-entry.js:5451:40)
    at CallExpression.bind (file:///C:/Users/chair/OneDrive/Desktop/voicecall/voicecall/frontend/node_modules/rollup/di
st/es/shared/node-entry.js:2829:28)
    at CallExpression.bind (file:///C:/Users/chair/OneDrive/Desktop/voicecall/voicecall/frontend/node_modules/rollup/di
st/es/shared/node-entry.js:12528:15)[39m
